# JRE version: Java(TM) SE Runtime Environment (11.0.2+9) (build 11.0.2+9-LTS)
# Java VM: Java HotSpot(TM) 64-Bit Server VM (11.0.2+9-LTS, mixed mode, tiered, compressed oops, g1 gc, windows-amd64)
Heap:
 garbage-first heap   total 157696K, used 8749K [0x0000000081200000, 0x0000000100000000)
  region size 1024K, 4 young (4096K), 4 survivors (4096K)
 Metaspace       used 26910K, capacity 27237K, committed 27520K, reserved 1073152K
  class space    used 2992K, capacity 3115K, committed 3200K, reserved 1048576K
GC Heap History (9 events):
Event: 0.582 GC heap before
{Heap before GC invocations=0 (full 0):
 garbage-first heap   total 131072K, used 13312K [0x0000000081200000, 0x0000000100000000)
  region size 1024K, 14 young (14336K), 0 survivors (0K)
 Metaspace       used 11022K, capacity 11232K, committed 11520K, reserved 1058816K
  class space    used 1118K, capacity 1193K, committed 1280K, reserved 1048576K
}
Event: 0.587 GC heap after
{Heap after GC invocations=1 (full 0):
 garbage-first heap   total 131072K, used 4383K [0x0000000081200000, 0x0000000100000000)
  region size 1024K, 2 young (2048K), 2 survivors (2048K)
 Metaspace       used 11022K, capacity 11232K, committed 11520K, reserved 1058816K
  class space    used 1118K, capacity 1193K, committed 1280K, reserved 1048576K
}
Event: 0.878 GC heap before
{Heap before GC invocations=1 (full 0):
 garbage-first heap   total 131072K, used 10527K [0x0000000081200000, 0x0000000100000000)
  region size 1024K, 8 young (8192K), 2 survivors (2048K)
 Metaspace       used 13591K, capacity 13784K, committed 14080K, reserved 1062912K
  class space    used 1398K, capacity 1491K, committed 1536K, reserved 1048576K
}
Event: 0.882 GC heap after
{Heap after GC invocations=2 (full 0):
 garbage-first heap   total 131072K, used 5150K [0x0000000081200000, 0x0000000100000000)
  region size 1024K, 1 young (1024K), 1 survivors (1024K)
 Metaspace       used 13591K, capacity 13784K, committed 14080K, reserved 1062912K
  class space    used 1398K, capacity 1491K, committed 1536K, reserved 1048576K
}
Event: 2.927 GC heap before
{Heap before GC invocations=2 (full 0):
 garbage-first heap   total 131072K, used 28702K [0x0000000081200000, 0x0000000100000000)
  region size 1024K, 24 young (24576K), 1 survivors (1024K)
 Metaspace       used 20452K, capacity 20806K, committed 20864K, reserved 1067008K
  class space    used 2244K, capacity 2405K, committed 2432K, reserved 1048576K
}
Event: 2.962 GC heap after
{Heap after GC invocations=3 (full 0):
 garbage-first heap   total 131072K, used 7265K [0x0000000081200000, 0x0000000100000000)
  region size 1024K, 3 young (3072K), 3 survivors (3072K)
 Metaspace       used 20452K, capacity 20806K, committed 20864K, reserved 1067008K
  class space    used 2244K, capacity 2405K, committed 2432K, reserved 1048576K
}
Event: 3.035 GC heap before
{Heap before GC invocations=3 (full 0):
 garbage-first heap   total 131072K, used 9313K [0x0000000081200000, 0x0000000100000000)
  region size 1024K, 6 young (6144K), 3 survivors (3072K)
 Metaspace       used 20824K, capacity 21126K, committed 21248K, reserved 1069056K
  class space    used 2311K, capacity 2469K, committed 2560K, reserved 1048576K
}
Event: 3.041 GC heap after
{Heap after GC invocations=4 (full 0):
 garbage-first heap   total 131072K, used 7513K [0x0000000081200000, 0x0000000100000000)
  region size 1024K, 3 young (3072K), 3 survivors (3072K)
 Metaspace       used 20824K, capacity 21126K, committed 21248K, reserved 1069056K
  class space    used 2311K, capacity 2469K, committed 2560K, reserved 1048576K
}
Event: 3.897 GC heap before
{Heap before GC invocations=5 (full 0):
 garbage-first heap   total 131072K, used 46425K [0x0000000081200000, 0x0000000100000000)
  region size 1024K, 41 young (41984K), 3 survivors (3072K)
 Metaspace       used 26910K, capacity 27237K, committed 27520K, reserved 1073152K
  class space    used 2992K, capacity 3115K, committed 3200K, reserved 1048576K
}

